<?xml version="1.0" encoding="UTF-8"?>
<!-- Generated by org.testng.reporters.JUnitReportReporter -->
<testsuite hostname="DESKTOP-OOUJMJK" failures="0" tests="2" name="dev.swapi.ListOfChar" time="394.417" errors="0" timestamp="2021-04-01T11:14:45 EDT" skipped="0">
  <testcase classname="dev.swapi.ListOfChar" name="displayCharTest" time="359.015"/>
  <system-out/>
  <testcase classname="dev.swapi.ListOfChar" name="specifiedCharTest" time="35.402"/>
  <system-out/>
</testsuite> <!-- dev.swapi.ListOfChar -->
